<?xml version="1.0" encoding="UTF-8"?>
<!-- Generated by org.testng.reporters.JUnitReportReporter -->
<testsuite skipped="0" hostname="DESKTOP-UGJ9HCA" name="com.Testscenrios.FB_login" tests="1" failures="0" timestamp="2019-10-24T10:18:26 PDT" time="16.044" errors="0">
  <testcase name="f" time="16.044" classname="com.Testscenrios.FB_login"/>
</testsuite> <!-- com.Testscenrios.FB_login -->
