<?xml version="1.0" encoding="UTF-8"?>
<!-- Generated by org.testng.reporters.JUnitReportReporter -->
<testsuite skipped="0" hostname="DESKTOP-UGJ9HCA" name="com.Testscenrios.Toyoto_carsTest" tests="1" failures="0" timestamp="2019-10-25T10:11:19 PDT" time="22.639" errors="0">
  <testcase name="f" time="22.639" classname="com.Testscenrios.Toyoto_carsTest"/>
</testsuite> <!-- com.Testscenrios.Toyoto_carsTest -->
